# JRE version: Java(TM) SE Runtime Environment (19.0.1+10) (build 19.0.1+10-21)
# Java VM: Java HotSpot(TM) 64-Bit Server VM (19.0.1+10-21, mixed mode, emulated-client, sharing, tiered, compressed oops, compressed class ptrs, g1 gc, windows-amd64)
GC Precious Log:
 CardTable entry size: 512
 Card Set container configuration: InlinePtr #cards 5 size 8 Array Of Cards #cards 12 size 40 Howl #buckets 4 coarsen threshold 1843 Howl Bitmap #cards 512 size 80 coarsen threshold 460 Card regions per heap region 1 cards per card region 2048
 CPUs: 4 total, 4 available
 Memory: 7975M
 Large Page Support: Disabled
 NUMA Support: Disabled
 Compressed Oops: Enabled (32-bit)
 Heap Region Size: 1M
 Heap Min Capacity: 8M
 Heap Initial Capacity: 126M
 Heap Max Capacity: 1994M
 Pre-touch: Disabled
 Parallel Workers: 4
 Concurrent Workers: 1
 Concurrent Refinement Workers: 4
 Periodic GC: Disabled
Heap:
 garbage-first heap   total 61440K, used 38529K [0x0000000083600000, 0x0000000100000000)
  region size 1024K, 23 young (23552K), 0 survivors (0K)
 Metaspace       used 37489K, committed 37952K, reserved 1114112K
  class space    used 4839K, committed 5056K, reserved 1048576K
GC Heap History (20 events):
Event: 2.303 GC heap before
{Heap before GC invocations=2 (full 0):
 garbage-first heap   total 129024K, used 79662K [0x0000000083600000, 0x0000000100000000)
  region size 1024K, 75 young (76800K), 2 survivors (2048K)
 Metaspace       used 15663K, committed 16000K, reserved 1114112K
  class space    used 1938K, committed 2112K, reserved 1048576K
}
Event: 2.310 GC heap after
{Heap after GC invocations=3 (full 0):
 garbage-first heap   total 129024K, used 8027K [0x0000000083600000, 0x0000000100000000)
  region size 1024K, 4 young (4096K), 4 survivors (4096K)
 Metaspace       used 15663K, committed 16000K, reserved 1114112K
  class space    used 1938K, committed 2112K, reserved 1048576K
}
Event: 3.076 GC heap before
{Heap before GC invocations=3 (full 0):
 garbage-first heap   total 129024K, used 79707K [0x0000000083600000, 0x0000000100000000)
  region size 1024K, 75 young (76800K), 4 survivors (4096K)
 Metaspace       used 20966K, committed 21312K, reserved 1114112K
  class space    used 2643K, committed 2816K, reserved 1048576K
}
Event: 3.085 GC heap after
{Heap after GC invocations=4 (full 0):
 garbage-first heap   total 129024K, used 9875K [0x0000000083600000, 0x0000000100000000)
  region size 1024K, 6 young (6144K), 6 survivors (6144K)
 Metaspace       used 20966K, committed 21312K, reserved 1114112K
  class space    used 2643K, committed 2816K, reserved 1048576K
}
Event: 3.120 GC heap before
{Heap before GC invocations=4 (full 0):
 garbage-first heap   total 129024K, used 12947K [0x0000000083600000, 0x0000000100000000)
  region size 1024K, 10 young (10240K), 6 survivors (6144K)
 Metaspace       used 21173K, committed 21504K, reserved 1114112K
  class space    used 2668K, committed 2880K, reserved 1048576K
}
Event: 3.129 GC heap after
{Heap after GC invocations=5 (full 0):
 garbage-first heap   total 129024K, used 10301K [0x0000000083600000, 0x0000000100000000)
  region size 1024K, 5 young (5120K), 5 survivors (5120K)
 Metaspace       used 21173K, committed 21504K, reserved 1114112K
  class space    used 2668K, committed 2880K, reserved 1048576K
}
Event: 3.473 GC heap before
{Heap before GC invocations=6 (full 0):
 garbage-first heap   total 48128K, used 33853K [0x0000000083600000, 0x0000000100000000)
  region size 1024K, 28 young (28672K), 5 survivors (5120K)
 Metaspace       used 22874K, committed 23232K, reserved 1114112K
  class space    used 2902K, committed 3072K, reserved 1048576K
}
Event: 3.482 GC heap after
{Heap after GC invocations=7 (full 0):
 garbage-first heap   total 48128K, used 10943K [0x0000000083600000, 0x0000000100000000)
  region size 1024K, 3 young (3072K), 3 survivors (3072K)
 Metaspace       used 22874K, committed 23232K, reserved 1114112K
  class space    used 2902K, committed 3072K, reserved 1048576K
}
Event: 3.491 GC heap before
{Heap before GC invocations=7 (full 0):
 garbage-first heap   total 48128K, used 11967K [0x0000000083600000, 0x0000000100000000)
  region size 1024K, 4 young (4096K), 3 survivors (3072K)
 Metaspace       used 22931K, committed 23232K, reserved 1114112K
  class space    used 2912K, committed 3072K, reserved 1048576K
}
Event: 3.497 GC heap after
{Heap after GC invocations=8 (full 0):
 garbage-first heap   total 48128K, used 11099K [0x0000000083600000, 0x0000000100000000)
  region size 1024K, 1 young (1024K), 1 survivors (1024K)
 Metaspace       used 22931K, committed 23232K, reserved 1114112K
  class space    used 2912K, committed 3072K, reserved 1048576K
}
Event: 3.837 GC heap before
{Heap before GC invocations=8 (full 0):
 garbage-first heap   total 48128K, used 34651K [0x0000000083600000, 0x0000000100000000)
  region size 1024K, 25 young (25600K), 1 survivors (1024K)
 Metaspace       used 25325K, committed 25728K, reserved 1114112K
  class space    used 3254K, committed 3392K, reserved 1048576K
}
Event: 3.841 GC heap after
{Heap after GC invocations=9 (full 0):
 garbage-first heap   total 96256K, used 12480K [0x0000000083600000, 0x0000000100000000)
  region size 1024K, 2 young (2048K), 2 survivors (2048K)
 Metaspace       used 25325K, committed 25728K, reserved 1114112K
  class space    used 3254K, committed 3392K, reserved 1048576K
}
Event: 5.053 GC heap before
{Heap before GC invocations=9 (full 0):
 garbage-first heap   total 96256K, used 67776K [0x0000000083600000, 0x0000000100000000)
  region size 1024K, 56 young (57344K), 2 survivors (2048K)
 Metaspace       used 29236K, committed 29696K, reserved 1114112K
  class space    used 3769K, committed 3968K, reserved 1048576K
}
Event: 5.060 GC heap after
{Heap after GC invocations=10 (full 0):
 garbage-first heap   total 96256K, used 14596K [0x0000000083600000, 0x0000000100000000)
  region size 1024K, 4 young (4096K), 4 survivors (4096K)
 Metaspace       used 29236K, committed 29696K, reserved 1114112K
  class space    used 3769K, committed 3968K, reserved 1048576K
}
Event: 26.069 GC heap before
{Heap before GC invocations=10 (full 0):
 garbage-first heap   total 96256K, used 66820K [0x0000000083600000, 0x0000000100000000)
  region size 1024K, 56 young (57344K), 4 survivors (4096K)
 Metaspace       used 33949K, committed 34432K, reserved 1114112K
  class space    used 4381K, committed 4608K, reserved 1048576K
}
Event: 26.082 GC heap after
{Heap after GC invocations=11 (full 0):
 garbage-first heap   total 96256K, used 17137K [0x0000000083600000, 0x0000000100000000)
  region size 1024K, 5 young (5120K), 5 survivors (5120K)
 Metaspace       used 33949K, committed 34432K, reserved 1114112K
  class space    used 4381K, committed 4608K, reserved 1048576K
}
Event: 26.325 GC heap before
{Heap before GC invocations=11 (full 0):
 garbage-first heap   total 96256K, used 36593K [0x0000000083600000, 0x0000000100000000)
  region size 1024K, 26 young (26624K), 5 survivors (5120K)
 Metaspace       used 35731K, committed 36160K, reserved 1114112K
  class space    used 4625K, committed 4864K, reserved 1048576K
}
Event: 26.335 GC heap after
{Heap after GC invocations=12 (full 0):
 garbage-first heap   total 96256K, used 18936K [0x0000000083600000, 0x0000000100000000)
  region size 1024K, 5 young (5120K), 5 survivors (5120K)
 Metaspace       used 35731K, committed 36160K, reserved 1114112K
  class space    used 4625K, committed 4864K, reserved 1048576K
}
Event: 115.016 GC heap before
{Heap before GC invocations=13 (full 0):
 garbage-first heap   total 78848K, used 40440K [0x0000000083600000, 0x0000000100000000)
  region size 1024K, 28 young (28672K), 5 survivors (5120K)
 Metaspace       used 37450K, committed 37952K, reserved 1114112K
  class space    used 4832K, committed 5056K, reserved 1048576K
}
Event: 115.057 GC heap after
{Heap after GC invocations=14 (full 1):
 garbage-first heap   total 61440K, used 17025K [0x0000000083600000, 0x0000000100000000)
  region size 1024K, 0 young (0K), 0 survivors (0K)
 Metaspace       used 37450K, committed 37952K, reserved 1114112K
  class space    used 4832K, committed 5056K, reserved 1048576K
}

